  Source.cpp
c:\users\danb\desktop\utcn\semestrul ii - dan\af(lab)\lab 10\tema10\tema10\Profiler.h(4): warning C4005: '_CRT_SECURE_CPP_OVERLOAD_STANDARD_NAMES': macro redefinition
  C:\Program Files (x86)\Windows Kits\10\Include\10.0.15063.0\ucrt\corecrt.h(419): note: see previous definition of '_CRT_SECURE_CPP_OVERLOAD_STANDARD_NAMES'
c:\users\danb\desktop\utcn\semestrul ii - dan\af(lab)\lab 10\tema10\tema10\Profiler.h(11240): warning C4996: '_snprintf': This function or variable may be unsafe. Consider using _snprintf_s instead. To disable deprecation, use _CRT_SECURE_NO_WARNINGS. See online help for details.
  C:\Program Files (x86)\Windows Kits\10\Include\10.0.15063.0\ucrt\stdio.h(1958): note: see declaration of '_snprintf'
Source.cpp(208): warning C4996: 'fopen': This function or variable may be unsafe. Consider using fopen_s instead. To disable deprecation, use _CRT_SECURE_NO_WARNINGS. See online help for details.
  C:\Program Files (x86)\Windows Kits\10\Include\10.0.15063.0\ucrt\stdio.h(207): note: see declaration of 'fopen'
Source.cpp(213): warning C4996: 'sscanf': This function or variable may be unsafe. Consider using sscanf_s instead. To disable deprecation, use _CRT_SECURE_NO_WARNINGS. See online help for details.
  C:\Program Files (x86)\Windows Kits\10\Include\10.0.15063.0\ucrt\stdio.h(2260): note: see declaration of 'sscanf'
Source.cpp(220): warning C4996: 'sscanf': This function or variable may be unsafe. Consider using sscanf_s instead. To disable deprecation, use _CRT_SECURE_NO_WARNINGS. See online help for details.
  C:\Program Files (x86)\Windows Kits\10\Include\10.0.15063.0\ucrt\stdio.h(2260): note: see declaration of 'sscanf'
Source.cpp(235): warning C4996: 'strcpy': This function or variable may be unsafe. Consider using strcpy_s instead. To disable deprecation, use _CRT_SECURE_NO_WARNINGS. See online help for details.
  C:\Program Files (x86)\Windows Kits\10\Include\10.0.15063.0\ucrt\string.h(136): note: see declaration of 'strcpy'
Source.cpp(237): warning C4996: 'strcpy': This function or variable may be unsafe. Consider using strcpy_s instead. To disable deprecation, use _CRT_SECURE_NO_WARNINGS. See online help for details.
  C:\Program Files (x86)\Windows Kits\10\Include\10.0.15063.0\ucrt\string.h(136): note: see declaration of 'strcpy'
Source.cpp(239): warning C4996: 'strcpy': This function or variable may be unsafe. Consider using strcpy_s instead. To disable deprecation, use _CRT_SECURE_NO_WARNINGS. See online help for details.
  C:\Program Files (x86)\Windows Kits\10\Include\10.0.15063.0\ucrt\string.h(136): note: see declaration of 'strcpy'
Source.cpp(398): warning C4101: 'g4': unreferenced local variable
Source.cpp(399): warning C4101: 'data4': unreferenced local variable
Source.cpp(399): warning C4101: 'data3': unreferenced local variable
Source.cpp(398): warning C4101: 'g3': unreferenced local variable
  Generating code
  1 of 647 functions ( 0.2%) were compiled, the rest were copied from previous compilation.
    0 functions were new in current compilation
    2 functions had inline decision re-evaluated but remain unchanged
  Finished generating code
  tema10.vcxproj -> C:\Users\DanB\Desktop\UTCN\Semestrul II - Dan\AF(lab)\lab 10\tema10\Release\tema10.exe
